2015-05-21 18:06:26 Error: [MissingViewException] View file "Home/index.ctp" is missing.
Exception Attributes: array (
  'file' => 'Home/index.ctp',
)
Request URL: /
Stack Trace:
#0 /Users/minghui/Documents/Project/trial/lib/Cake/View/View.php(470): View->_getViewFileName(NULL)
#1 /Users/minghui/Documents/Project/trial/lib/Cake/Controller/Controller.php(960): View->render(NULL, NULL)
#2 /Users/minghui/Documents/Project/trial/lib/Cake/Routing/Dispatcher.php(200): Controller->render()
#3 /Users/minghui/Documents/Project/trial/lib/Cake/Routing/Dispatcher.php(167): Dispatcher->_invoke(Object(HomeController), Object(CakeRequest))
#4 /Users/minghui/Documents/Project/trial/app/webroot/index.php(118): Dispatcher->dispatch(Object(CakeRequest), Object(CakeResponse))
#5 {main}
2015-05-21 18:06:44 Error: [MissingViewException] View file "Home/index.ctp" is missing.
Exception Attributes: array (
  'file' => 'Home/index.ctp',
)
Request URL: /
Stack Trace:
#0 /Users/minghui/Documents/Project/trial/lib/Cake/View/View.php(470): View->_getViewFileName(NULL)
#1 /Users/minghui/Documents/Project/trial/lib/Cake/Controller/Controller.php(960): View->render(NULL, NULL)
#2 /Users/minghui/Documents/Project/trial/lib/Cake/Routing/Dispatcher.php(200): Controller->render()
#3 /Users/minghui/Documents/Project/trial/lib/Cake/Routing/Dispatcher.php(167): Dispatcher->_invoke(Object(HomeController), Object(CakeRequest))
#4 /Users/minghui/Documents/Project/trial/app/webroot/index.php(118): Dispatcher->dispatch(Object(CakeRequest), Object(CakeResponse))
#5 {main}
2015-05-21 18:11:46 Error: [MissingViewException] View file "Layouts/metronic_new.ctp" is missing.
Exception Attributes: array (
  'file' => 'Layouts/metronic_new.ctp',
)
Request URL: /
Stack Trace:
#0 /Users/minghui/Documents/Project/trial/lib/Cake/View/View.php(722): View->_getViewFileName('/Layouts/metron...')
#1 /Users/minghui/Documents/Project/trial/app/View/Layouts/default.ctp(63): View->extend('/Layouts/metron...')
#2 /Users/minghui/Documents/Project/trial/lib/Cake/View/View.php(961): include('/Users/minghui/...')
#3 /Users/minghui/Documents/Project/trial/lib/Cake/View/View.php(923): View->_evaluate('/Users/minghui/...', Array)
#4 /Users/minghui/Documents/Project/trial/lib/Cake/View/View.php(546): View->_render('/Users/minghui/...')
#5 /Users/minghui/Documents/Project/trial/lib/Cake/View/View.php(481): View->renderLayout('', 'default')
#6 /Users/minghui/Documents/Project/trial/lib/Cake/Controller/Controller.php(960): View->render(NULL, NULL)
#7 /Users/minghui/Documents/Project/trial/lib/Cake/Routing/Dispatcher.php(200): Controller->render()
#8 /Users/minghui/Documents/Project/trial/lib/Cake/Routing/Dispatcher.php(167): Dispatcher->_invoke(Object(HomeController), Object(CakeRequest))
#9 /Users/minghui/Documents/Project/trial/app/webroot/index.php(118): Dispatcher->dispatch(Object(CakeRequest), Object(CakeResponse))
#10 {main}
2015-05-21 18:11:49 Error: Fatal Error (1): Allowed memory size of 33554432 bytes exhausted (tried to allocate 262144 bytes) in [/Users/minghui/Documents/Project/trial/lib/Cake/Utility/Debugger.php, line 801]
2015-05-21 18:11:49 Error: [FatalErrorException] Allowed memory size of 33554432 bytes exhausted (tried to allocate 262144 bytes)
Request URL: /
Stack Trace:
#0 /Users/minghui/Documents/Project/trial/lib/Cake/Error/ErrorHandler.php(213): ErrorHandler::handleFatalError(1, 'Allowed memory ...', '/Users/minghui/...', 801)
#1 [internal function]: ErrorHandler::handleError(1, 'Allowed memory ...', '/Users/minghui/...', 801, Array)
#2 /Users/minghui/Documents/Project/trial/lib/Cake/Core/App.php(933): call_user_func('ErrorHandler::h...', 1, 'Allowed memory ...', '/Users/minghui/...', 801, Array)
#3 /Users/minghui/Documents/Project/trial/lib/Cake/Core/App.php(906): App::_checkFatalError()
#4 [internal function]: App::shutdown()
#5 {main}
2015-05-21 18:11:58 Error: [MissingControllerException] Controller class ImgController could not be found.
Exception Attributes: array (
  'class' => 'ImgController',
  'plugin' => NULL,
)
Request URL: /img/LOGOSITE
Stack Trace:
#0 /Users/minghui/Documents/Project/trial/app/webroot/index.php(118): Dispatcher->dispatch(Object(CakeRequest), Object(CakeResponse))
#1 {main}
